<?xml version="1.0" encoding="UTF-8"?>
<!-- Generated by org.testng.reporters.JUnitReportReporter -->
<testsuite skipped="0" hostname="Neses-MBP.home" name="com.hubspot.tests.ContactsPageTest" tests="5" failures="0" timestamp="18 Mar 2020 22:15:34 GMT" time="106.120" errors="0">
  <testcase name="verifyContactPageTitle" time="9.619" classname="com.hubspot.tests.ContactsPageTest"/>
  <testcase name="createNewPOMContactTest" time="23.853" classname="com.hubspot.tests.ContactsPageTest"/>
  <testcase name="createNewPOMContactTest" time="24.079" classname="com.hubspot.tests.ContactsPageTest"/>
  <testcase name="createNewPOMContactTest" time="23.652" classname="com.hubspot.tests.ContactsPageTest"/>
  <testcase name="createNewPOMContactTest" time="24.917" classname="com.hubspot.tests.ContactsPageTest"/>
</testsuite> <!-- com.hubspot.tests.ContactsPageTest -->
