<?xml version="1.0" encoding="UTF-8"?>
<!-- Generated by org.testng.reporters.JUnitReportReporter -->
<testsuite skipped="0" hostname="Neses-MBP.home" name="com.hubspot.tests.LoginPageTest" tests="4" failures="0" timestamp="19 Mar 2020 05:27:09 GMT" time="28.924" errors="0">
  <testcase name="getTitle" time="6.576" classname="com.hubspot.tests.LoginPageTest"/>
  <testcase name="loginTest1" time="6.955" classname="com.hubspot.tests.LoginPageTest"/>
  <testcase name="loginTest2" time="8.383" classname="com.hubspot.tests.LoginPageTest"/>
  <testcase name="loginTest3" time="7.010" classname="com.hubspot.tests.LoginPageTest"/>
</testsuite> <!-- com.hubspot.tests.LoginPageTest -->
