<?xml version="1.0" encoding="UTF-8"?>
<!-- Generated by org.testng.reporters.JUnitReportReporter -->
<testsuite skipped="0" hostname="Neses-MBP.home" name="com.hubspot.testdata.LoginPageTest" tests="3" failures="0" timestamp="10 Mar 2020 05:43:50 GMT" time="20.513" errors="0">
  <testcase name="getTitle" time="6.334" classname="com.hubspot.testdata.LoginPageTest"/>
  <testcase name="loginTest2" time="6.836" classname="com.hubspot.testdata.LoginPageTest"/>
  <testcase name="loginTest" time="7.343" classname="com.hubspot.testdata.LoginPageTest"/>
</testsuite> <!-- com.hubspot.testdata.LoginPageTest -->
